[INFO] 31-07-2024 09:04:48 [main] [Listener.IInovkedListener.beforeInvocation(IInovkedListener.java:25)] - beforeInvocation : loginSteps
[INFO] 31-07-2024 09:04:50 [main] [Tests.TestBase.loginSteps(TestBase.java:25)] - open browser
[INFO] 31-07-2024 09:04:58 [main] [Tests.TestBase.loginSteps(TestBase.java:28)] - redirect to base url
[INFO] 31-07-2024 09:05:00 [main] [Listener.IInovkedListener.beforeInvocation(IInovkedListener.java:25)] - beforeInvocation : starting
[INFO] 31-07-2024 09:05:02 [main] [Tests.TestBase.starting(TestBase.java:47)] - open browser
[INFO] 31-07-2024 09:05:11 [main] [Tests.TestBase.starting(TestBase.java:50)] - redirect to base url
[INFO] 31-07-2024 09:05:12 [main] [Listener.ITestResult.onTestStart(ITestResult.java:9)] - start execute tc
[INFO] 31-07-2024 09:05:12 [main] [Listener.IInovkedListener.beforeInvocation(IInovkedListener.java:25)] - beforeInvocation : addProductsToCart
[INFO] 31-07-2024 09:05:12 [main] [Pages.P02_HomePage.addProductsToCart(P02_HomePage.java:41)] - products are add: 1
[ERROR] 31-07-2024 09:05:22 [main] [Pages.P02_HomePage.getCountCart(P02_HomePage.java:114)] - Expected condition failed: waiting for visibility of element located by By.className: shopping_cart_badge (tried for 10 second(s) with 500 milliseconds interval)
Build info: version: '4.23.0', revision: '4df0a231af'
System info: os.name: 'Windows 10', os.arch: 'amd64', os.version: '10.0', java.version: '21.0.1'
Driver info: org.openqa.selenium.chrome.ChromeDriver
Capabilities {acceptInsecureCerts: false, browserName: chrome, browserVersion: 127.0.6533.73, chrome: {chromedriverVersion: 127.0.6533.88 (a2d0cb026721..., userDataDir: C:\Users\ELHAMR~1\AppData\L...}, fedcm:accounts: true, goog:chromeOptions: {debuggerAddress: localhost:63657}, networkConnectionEnabled: false, pageLoadStrategy: normal, platformName: windows, proxy: Proxy(), se:cdp: ws://localhost:63657/devtoo..., se:cdpVersion: 127.0.6533.73, setWindowRect: true, strictFileInteractability: false, timeouts: {implicit: 0, pageLoad: 300000, script: 30000}, unhandledPromptBehavior: dismiss and notify, webauthn:extension:credBlob: true, webauthn:extension:largeBlob: true, webauthn:extension:minPinLength: true, webauthn:extension:prf: true, webauthn:virtualAuthenticators: true}
Session ID: 393c0e692184eb032801c631fc358191
[INFO] 31-07-2024 09:05:32 [main] [Pages.P02_HomePage.getSelectedProducts(P02_HomePage.java:123)] - Count of Products are selected : 0
[INFO] 31-07-2024 09:05:32 [main] [Listener.ITestResult.onTestSuccess(ITestResult.java:13)] - tc pass...
[INFO] 31-07-2024 09:05:32 [main] [Listener.IInovkedListener.beforeInvocation(IInovkedListener.java:25)] - beforeInvocation : tearDown
[INFO] 31-07-2024 09:05:33 [main] [Listener.IInovkedListener.beforeInvocation(IInovkedListener.java:25)] - beforeInvocation : starting
[INFO] 31-07-2024 09:05:36 [main] [Tests.TestBase.starting(TestBase.java:47)] - open browser
[INFO] 31-07-2024 09:05:45 [main] [Tests.TestBase.starting(TestBase.java:50)] - redirect to base url
[INFO] 31-07-2024 09:05:45 [main] [Listener.ITestResult.onTestStart(ITestResult.java:9)] - start execute tc
[INFO] 31-07-2024 09:05:45 [main] [Listener.IInovkedListener.beforeInvocation(IInovkedListener.java:25)] - beforeInvocation : addRandomProductsToCart
[INFO] 31-07-2024 09:05:45 [main] [Pages.P02_HomePage.addRandomProductsToCart(P02_HomePage.java:58)] - random number :1
[INFO] 31-07-2024 09:05:45 [main] [Pages.P02_HomePage.addRandomProductsToCart(P02_HomePage.java:58)] - random number :4
[ERROR] 31-07-2024 09:05:55 [main] [Listener.IInovkedListener.afterInvocation(IInovkedListener.java:40)] - fail...addRandomProductsToCart
[INFO] 31-07-2024 09:05:56 [main] [Listener.IInovkedListener.beforeInvocation(IInovkedListener.java:25)] - beforeInvocation : starting
[INFO] 31-07-2024 09:05:59 [main] [Tests.TestBase.starting(TestBase.java:47)] - open browser
[INFO] 31-07-2024 09:06:00 [main] [Tests.TestBase.starting(TestBase.java:50)] - redirect to base url
[ERROR] 31-07-2024 09:06:00 [main] [Listener.IInovkedListener.afterInvocation(IInovkedListener.java:40)] - fail...starting
[INFO] 31-07-2024 09:06:00 [main] [Listener.ITestResult.onTestStart(ITestResult.java:9)] - start execute tc
[INFO] 31-07-2024 09:06:00 [main] [Listener.IInovkedListener.beforeInvocation(IInovkedListener.java:25)] - beforeInvocation : navigateToCartPage
[INFO] 31-07-2024 09:06:00 [main] [Listener.IInovkedListener.beforeInvocation(IInovkedListener.java:25)] - beforeInvocation : tearDown
[INFO] 31-07-2024 09:06:00 [main] [Listener.IInovkedListener.beforeInvocation(IInovkedListener.java:25)] - beforeInvocation : deleteCookie
